2022-11-06T15:02:47.152Z Greeter 0x4F589D17BAc24C7218e9339FbF44e23c5F04181C https://zksync2-testnet-explorer.zksync.dev/contract_verification/656
2022-11-06T15:03:15.940Z Greeter 0x78388B3eB3762253f2CbDe74FE339FDF40A09C57 https://zksync2-testnet-explorer.zksync.dev/contract_verification/657
2022-11-06T15:08:03.483Z Osd 0xE3FF764427aE3A6b0fa25340086A8b6c6Fe1062f https://zksync2-testnet-explorer.zksync.dev/contract_verification/658
2022-11-06T15:08:28.816Z Swap 0x32e7051fCaCbCAF2f794634DFd7ea45932C45F63 https://zksync2-testnet-explorer.zksync.dev/contract_verification/659
2022-11-06T15:15:45.701Z Osd 0x3FE18025aD7098b0cEA23c256b9fDD00746fB59a https://zksync2-testnet-explorer.zksync.dev/contract_verification/660
2022-11-06T15:15:56.623Z Swap 0xbADbf57589e7a310F4b27C983974eA38a57E8e23 https://zksync2-testnet-explorer.zksync.dev/contract_verification/661
2022-11-06T15:18:06.851Z VariableBorrow 0x0c11E9Ed6A7aEb2E3b131dd715f6c68912952F9b https://zksync2-testnet-explorer.zksync.dev/contract_verification/662
2022-11-06T15:19:30.866Z VariableBorrow 0x16132878915DBf87FBFaBb5bc0595557185f1b7B https://zksync2-testnet-explorer.zksync.dev/contract_verification/663
2022-11-06T15:22:38.478Z Reader 0xDF81c789DE70260B43887d0757c04B4D1e017a73 https://zksync2-testnet-explorer.zksync.dev/contract_verification/664
2022-11-06T15:23:10.419Z ETHDelegate 0xD118D4A95a1552525aF470d132d434020D4f4163 https://zksync2-testnet-explorer.zksync.dev/contract_verification/665
2022-11-06T15:23:57.978Z WETH9 0xA951731771136b4e8C8E065501EBCfAEc2c3e709 https://zksync2-testnet-explorer.zksync.dev/contract_verification/666
2022-11-06T15:24:18.988Z VariableBorrowRouter 0x9456230bf54B975D12BA6c4e61410e0c2277f917 https://zksync2-testnet-explorer.zksync.dev/contract_verification/667
2022-11-06T15:24:49.118Z Faucet 0xcDA573C12E86f98653c6f65435707c0813853bB4 https://zksync2-testnet-explorer.zksync.dev/contract_verification/668
2022-11-06T15:26:23.320Z FastPriceEvent 0xa70A6107fD7d5902ff3881076a1f530CDC82C6Dd https://zksync2-testnet-explorer.zksync.dev/contract_verification/669
2022-11-06T15:26:37.648Z FastPriceFeed 0xcE8242CD8b25A84926Fb30d468959F6e3a9A2481 https://zksync2-testnet-explorer.zksync.dev/contract_verification/670
2022-11-06T15:27:37.310Z Stake 0xF8B7a39011917dE3B888d7771c14ae0510DD039B https://zksync2-testnet-explorer.zksync.dev/contract_verification/671
2022-11-06T15:29:00.187Z SwapRouter 0xa6211f3daE0d014802c57Fa5Aa77B756aDF7bEb5 https://zksync2-testnet-explorer.zksync.dev/contract_verification/672
2022-11-06T15:29:31.168Z TokenIcon 0x559934c93657974ecD13d7c2131442283dd33c79 https://zksync2-testnet-explorer.zksync.dev/contract_verification/673
2022-11-06T15:30:01.558Z TradeStake 0xD566916ba4512f7b5259C07F3604601228EBA664 https://zksync2-testnet-explorer.zksync.dev/contract_verification/674
2022-11-06T15:30:46.918Z TradeStakeUpdater 0xDAf6cce3f2413232D6B475D4046E82f1B7224325 https://zksync2-testnet-explorer.zksync.dev/contract_verification/675
2022-11-07T07:29:42.515Z MyERC20 0xDae9D362051DA08D4f0Acd66C5FfE1f9A198640e https://zksync2-testnet-explorer.zksync.dev/contract_verification/713
2022-11-07T07:30:07.704Z StakeRevenue 0xD4121a9c943bD9AeFD3553D4CDFd4ADC534580e3 https://zksync2-testnet-explorer.zksync.dev/contract_verification/714
2023-02-03T09:30:32.560Z Osd 0x17144699470191cCE49327e6868ECd4fa6d08bE4 https://zksync2-testnet-explorer.zksync.dev/contract_verification/3243
2023-02-03T09:30:58.129Z Swap 0x31185Eae433416197494096d076fdf46F5312bcB https://zksync2-testnet-explorer.zksync.dev/contract_verification/3244
2023-02-03T09:34:53.662Z VariableBorrow 0x3272588F8367449F1024024458052501cCF173eF https://zksync2-testnet-explorer.zksync.dev/contract_verification/3245
2023-02-03T09:36:45.393Z Reader 0x1Dbddd843DB2DB72B6EcD52283ACF842451dA6E4 https://zksync2-testnet-explorer.zksync.dev/contract_verification/3246
2023-02-03T09:37:18.986Z ETHDelegate 0xB84c819F77B25F14D402a2A5A5859908829E5846 https://zksync2-testnet-explorer.zksync.dev/contract_verification/3247
2023-02-06T13:40:11.152Z Osd 0x7E5088F903243744E072060Af06F788e9508a73f https://zksync2-testnet-explorer.zksync.dev/contract_verification/3331
2023-02-06T13:40:21.665Z Swap 0xc3Bd1c8A77B2622AC47052Bd33DF94B3f6Af8723 https://zksync2-testnet-explorer.zksync.dev/contract_verification/3332
2023-02-06T13:42:11.141Z VariableBorrow 0x70a2C188E524EFdBD9F4c1B2E03260B748E21d62 https://zksync2-testnet-explorer.zksync.dev/contract_verification/3334
2023-02-06T13:42:53.157Z Reader 0xb7Dd186FB23882cb6f5b3890B06E58FDeda306c4 https://zksync2-testnet-explorer.zksync.dev/contract_verification/3335
2023-02-06T13:43:01.955Z ETHDelegate 0xFe04301E34dDaA2996557FEC32A26964F3c5299a https://zksync2-testnet-explorer.zksync.dev/contract_verification/3336
2023-02-06T13:43:14.658Z Future 0x023f493896EcE664E5D52C28FdDc812DCc6eeD64 https://zksync2-testnet-explorer.zksync.dev/contract_verification/3337
2023-02-06T13:43:24.625Z FutureUtil 0x6C2D59E4Cabdc73525144A8acBa4ee04E6FfDB75 https://zksync2-testnet-explorer.zksync.dev/contract_verification/3339
2023-02-06T13:43:32.772Z FuturePriceFeed 0x520A2Ce8EDb146F3F635bb648e4d95Ddd6449cb4 https://zksync2-testnet-explorer.zksync.dev/contract_verification/3340
2023-02-07T01:58:40.422Z Future 0x06854EdE727cC61B8483622c02B56b401616C8ff https://zksync2-testnet-explorer.zksync.dev/contract_verification/3368
2023-02-07T01:58:50.509Z FutureUtil 0x07980712B4469bBeB3c0fbBc577580fF530A7d0D https://zksync2-testnet-explorer.zksync.dev/contract_verification/3369
2023-02-07T01:58:59.261Z FuturePriceFeed 0xf1c8A36FE3b39AEb81db60e4Bc326075d7BB31C8 https://zksync2-testnet-explorer.zksync.dev/contract_verification/3370
2023-02-07T02:09:04.114Z Future 0x569386DDBD17a9f2B416631aB895b955240D78d6 https://zksync2-testnet-explorer.zksync.dev/contract_verification/3372
2023-02-07T02:09:13.286Z FutureUtil 0x213383E879a9C894CC7e3D7eD1DEeC9BCF546Ce8 https://zksync2-testnet-explorer.zksync.dev/contract_verification/3373
2023-02-07T02:09:21.619Z FuturePriceFeed 0xED4Bac054AE5F47133d0B9C1160D58635315b85C https://zksync2-testnet-explorer.zksync.dev/contract_verification/3374
2023-02-07T02:12:19.579Z TradeStake 0x22cb48b9015fa6Ddf75480F999BBF52F23f107F2 https://zksync2-testnet-explorer.zksync.dev/contract_verification/3375
2023-02-07T02:12:55.631Z TradeStakeUpdater 0x6b78bDae1AbA04D6dcBe697B1A2c8D1cAa6d30F4 https://zksync2-testnet-explorer.zksync.dev/contract_verification/3376
2023-02-07T02:14:04.655Z FutureLimit 0x1EA95e2E09BC086f59231D12d0060d911B7237B7 https://zksync2-testnet-explorer.zksync.dev/contract_verification/3377
2023-02-07T02:14:26.733Z FutureRouter 0x64930f81A4604b2F2Eec6efCC3F64EB88014d7b4 https://zksync2-testnet-explorer.zksync.dev/contract_verification/3378
2023-02-07T02:16:04.211Z SwapRouter 0xE0A5Cad432D4b25717c3D6930672fb67EdBf6661 https://zksync2-testnet-explorer.zksync.dev/contract_verification/3379
2023-02-07T02:16:38.177Z Stake 0x71109334d292732F082c9E7c11459698c60D9A9B https://zksync2-testnet-explorer.zksync.dev/contract_verification/3380
2023-02-07T02:18:19.295Z StakeRevenue 0xF92b5569c4C05Fe9d1ae79358fADb690B8BF2c5e https://zksync2-testnet-explorer.zksync.dev/contract_verification/3381
2023-02-07T02:27:34.056Z Reader 0x38257eB9bFAA9f83F4773B486b7FA1f7BAA1060A https://zksync2-testnet-explorer.zksync.dev/contract_verification/3382
2023-02-07T02:49:45.010Z VariableBorrowRouterReader 0x357aD554996dD4EAB21A903eA2C82eb901deb119 https://zksync2-testnet-explorer.zksync.dev/contract_verification/3383
2023-02-07T03:07:01.042Z VariableBorrowRouter 0xa6475FEe12bCb16DcA6328fe99AbDc282429AeBa https://zksync2-testnet-explorer.zksync.dev/contract_verification/3384
2023-02-07T09:38:55.439Z Future 0x0A25d44380F8A0fc002363a9583234C932675786 https://zksync2-testnet-explorer.zksync.dev/contract_verification/3410
2023-02-07T09:39:10.541Z FutureUtil 0xA5bd03719C104eb95CB939424d1220F8F854a9B7 https://zksync2-testnet-explorer.zksync.dev/contract_verification/3411
2023-02-07T09:39:24.600Z FuturePriceFeed 0x86287e5B2D870E208B8EC8A25D029211D9eDed3c https://zksync2-testnet-explorer.zksync.dev/contract_verification/3412
2023-02-07T09:42:38.815Z FutureLimit 0x87eBE847b31F81679eb3f99eC63bD3d5933307a9 https://zksync2-testnet-explorer.zksync.dev/contract_verification/3413
2023-02-07T09:43:19.306Z FutureRouter 0x825cC9a344D6e456F720ee23FD0c26B84c1C98fe https://zksync2-testnet-explorer.zksync.dev/contract_verification/3414
2023-02-07T09:44:38.654Z FutureReader 0x2ED0886a72D40B9Bf8191866f9C4D59baef110e7 https://zksync2-testnet-explorer.zksync.dev/contract_verification/3415
